{"C:\\Users\\ralibardi\\Desktop\\ra-portfolio\\src\\main.tsx": {"path":"C:\\Users\\ralibardi\\Desktop\\ra-portfolio\\src\\main.tsx","statementMap":{"0":{"start":{"line":11,"column":20},"end":{"line":11,"column":37}},"1":{"start":{"line":12,"column":13},"end":{"line":12,"column":66}},"2":{"start":{"line":14,"column":0},"end":{"line":24,"column":2}},"3":{"start":{"line":26,"column":0},"end":{"line":26,"column":24}}},"fnMap":{},"branchMap":{},"s":{"0":0,"1":0,"2":0,"3":0},"f":{},"b":{}}
,"C:\\Users\\ralibardi\\Desktop\\ra-portfolio\\src\\app\\app.tsx": {"path":"C:\\Users\\ralibardi\\Desktop\\ra-portfolio\\src\\app\\app.tsx","statementMap":{"0":{"start":{"line":6,"column":31},"end":{"line":14,"column":1}},"1":{"start":{"line":7,"column":20},"end":{"line":7,"column":50}},"2":{"start":{"line":9,"column":2},"end":{"line":13,"column":4}}},"fnMap":{"0":{"name":"(anonymous_0)","decl":{"start":{"line":6,"column":31},"end":{"line":6,"column":32}},"loc":{"start":{"line":6,"column":37},"end":{"line":14,"column":1}},"line":6}},"branchMap":{"0":{"loc":{"start":{"line":7,"column":20},"end":{"line":7,"column":50}},"type":"binary-expr","locations":[{"start":{"line":7,"column":20},"end":{"line":7,"column":44}},{"start":{"line":7,"column":48},"end":{"line":7,"column":50}}],"line":7}},"s":{"0":0,"1":0,"2":0},"f":{"0":0},"b":{"0":[0,0]}}
,"C:\\Users\\ralibardi\\Desktop\\ra-portfolio\\src\\app\\routes\\all-routes.tsx": {"path":"C:\\Users\\ralibardi\\Desktop\\ra-portfolio\\src\\app\\routes\\all-routes.tsx","statementMap":{"0":{"start":{"line":7,"column":16},"end":{"line":7,"column":57}},"1":{"start":{"line":7,"column":27},"end":{"line":7,"column":56}},"2":{"start":{"line":8,"column":17},"end":{"line":8,"column":55}},"3":{"start":{"line":8,"column":28},"end":{"line":8,"column":54}},"4":{"start":{"line":10,"column":37},"end":{"line":29,"column":1}},"5":{"start":{"line":11,"column":2},"end":{"line":28,"column":4}},"6":{"start":{"line":17,"column":14},"end":{"line":22,"column":16}}},"fnMap":{"0":{"name":"(anonymous_0)","decl":{"start":{"line":7,"column":21},"end":{"line":7,"column":22}},"loc":{"start":{"line":7,"column":27},"end":{"line":7,"column":56}},"line":7},"1":{"name":"(anonymous_1)","decl":{"start":{"line":8,"column":22},"end":{"line":8,"column":23}},"loc":{"start":{"line":8,"column":28},"end":{"line":8,"column":54}},"line":8},"2":{"name":"(anonymous_2)","decl":{"start":{"line":10,"column":37},"end":{"line":10,"column":38}},"loc":{"start":{"line":10,"column":43},"end":{"line":29,"column":1}},"line":10},"3":{"name":"(anonymous_3)","decl":{"start":{"line":16,"column":30},"end":{"line":16,"column":31}},"loc":{"start":{"line":17,"column":14},"end":{"line":22,"column":16}},"line":17}},"branchMap":{},"s":{"0":0,"1":0,"2":0,"3":0,"4":0,"5":0,"6":0},"f":{"0":0,"1":0,"2":0,"3":0},"b":{}}
,"C:\\Users\\ralibardi\\Desktop\\ra-portfolio\\src\\components\\buttons\\components\\button-with-icon\\button-with-icon.stories.tsx": {"path":"C:\\Users\\ralibardi\\Desktop\\ra-portfolio\\src\\components\\buttons\\components\\button-with-icon\\button-with-icon.stories.tsx","statementMap":{"0":{"start":{"line":5,"column":42},"end":{"line":8,"column":1}},"1":{"start":{"line":14,"column":35},"end":{"line":19,"column":1}},"2":{"start":{"line":21,"column":30},"end":{"line":27,"column":1}},"3":{"start":{"line":25,"column":19},"end":{"line":25,"column":35}},"4":{"start":{"line":29,"column":35},"end":{"line":35,"column":1}}},"fnMap":{"0":{"name":"(anonymous_0)","decl":{"start":{"line":25,"column":13},"end":{"line":25,"column":14}},"loc":{"start":{"line":25,"column":19},"end":{"line":25,"column":35}},"line":25}},"branchMap":{},"s":{"0":0,"1":0,"2":0,"3":0,"4":0},"f":{"0":0},"b":{}}
,"C:\\Users\\ralibardi\\Desktop\\ra-portfolio\\src\\components\\buttons\\components\\button-with-icon\\button-with-icon.tsx": {"path":"C:\\Users\\ralibardi\\Desktop\\ra-portfolio\\src\\components\\buttons\\components\\button-with-icon\\button-with-icon.tsx","statementMap":{"0":{"start":{"line":8,"column":23},"end":{"line":51,"column":2}},"1":{"start":{"line":15,"column":22},"end":{"line":20,"column":3}},"2":{"start":{"line":16,"column":4},"end":{"line":16,"column":23}},"3":{"start":{"line":17,"column":4},"end":{"line":19,"column":5}},"4":{"start":{"line":18,"column":6},"end":{"line":18,"column":17}},"5":{"start":{"line":22,"column":2},"end":{"line":50,"column":4}},"6":{"start":{"line":53,"column":0},"end":{"line":53,"column":46}}},"fnMap":{"0":{"name":"buttonWithIcon","decl":{"start":{"line":8,"column":37},"end":{"line":8,"column":51}},"loc":{"start":{"line":14,"column":24},"end":{"line":51,"column":1}},"line":14},"1":{"name":"(anonymous_1)","decl":{"start":{"line":15,"column":22},"end":{"line":15,"column":23}},"loc":{"start":{"line":15,"column":66},"end":{"line":20,"column":3}},"line":15}},"branchMap":{"0":{"loc":{"start":{"line":17,"column":4},"end":{"line":19,"column":5}},"type":"if","locations":[{"start":{"line":17,"column":4},"end":{"line":19,"column":5}},{"start":{},"end":{}}],"line":17},"1":{"loc":{"start":{"line":32,"column":7},"end":{"line":48,"column":7}},"type":"cond-expr","locations":[{"start":{"line":33,"column":8},"end":{"line":33,"column":19}},{"start":{"line":35,"column":8},"end":{"line":47,"column":14}}],"line":32}},"s":{"0":3,"1":3,"2":1,"3":1,"4":1,"5":3,"6":3},"f":{"0":3,"1":1},"b":{"0":[1,0],"1":[1,2]},"_coverageSchema":"1a1c01bbd47fc00a2c39e90264f33305004495a9","hash":"1ea6dbe2b8eda73d59ab9bf480e0b2bf15faec41"}
,"C:\\Users\\ralibardi\\Desktop\\ra-portfolio\\src\\components\\buttons\\components\\primary-button\\primary-button.stories.tsx": {"path":"C:\\Users\\ralibardi\\Desktop\\ra-portfolio\\src\\components\\buttons\\components\\primary-button\\primary-button.stories.tsx","statementMap":{"0":{"start":{"line":4,"column":41},"end":{"line":7,"column":1}},"1":{"start":{"line":13,"column":35},"end":{"line":17,"column":1}},"2":{"start":{"line":19,"column":30},"end":{"line":24,"column":1}},"3":{"start":{"line":22,"column":19},"end":{"line":22,"column":35}},"4":{"start":{"line":26,"column":35},"end":{"line":31,"column":1}}},"fnMap":{"0":{"name":"(anonymous_0)","decl":{"start":{"line":22,"column":13},"end":{"line":22,"column":14}},"loc":{"start":{"line":22,"column":19},"end":{"line":22,"column":35}},"line":22}},"branchMap":{},"s":{"0":0,"1":0,"2":0,"3":0,"4":0},"f":{"0":0},"b":{}}
,"C:\\Users\\ralibardi\\Desktop\\ra-portfolio\\src\\components\\buttons\\components\\primary-button\\primary-button.tsx": {"path":"C:\\Users\\ralibardi\\Desktop\\ra-portfolio\\src\\components\\buttons\\components\\primary-button\\primary-button.tsx","statementMap":{"0":{"start":{"line":7,"column":22},"end":{"line":44,"column":2}},"1":{"start":{"line":13,"column":22},"end":{"line":18,"column":3}},"2":{"start":{"line":14,"column":4},"end":{"line":14,"column":23}},"3":{"start":{"line":15,"column":4},"end":{"line":17,"column":5}},"4":{"start":{"line":16,"column":6},"end":{"line":16,"column":17}},"5":{"start":{"line":20,"column":2},"end":{"line":43,"column":4}},"6":{"start":{"line":46,"column":0},"end":{"line":46,"column":44}}},"fnMap":{"0":{"name":"primaryButton","decl":{"start":{"line":7,"column":36},"end":{"line":7,"column":49}},"loc":{"start":{"line":12,"column":23},"end":{"line":44,"column":1}},"line":12},"1":{"name":"(anonymous_1)","decl":{"start":{"line":13,"column":22},"end":{"line":13,"column":23}},"loc":{"start":{"line":13,"column":66},"end":{"line":18,"column":3}},"line":13}},"branchMap":{"0":{"loc":{"start":{"line":15,"column":4},"end":{"line":17,"column":5}},"type":"if","locations":[{"start":{"line":15,"column":4},"end":{"line":17,"column":5}},{"start":{},"end":{}}],"line":15},"1":{"loc":{"start":{"line":30,"column":7},"end":{"line":41,"column":7}},"type":"cond-expr","locations":[{"start":{"line":31,"column":8},"end":{"line":31,"column":19}},{"start":{"line":33,"column":8},"end":{"line":40,"column":14}}],"line":30}},"s":{"0":3,"1":3,"2":1,"3":1,"4":1,"5":3,"6":3},"f":{"0":3,"1":1},"b":{"0":[1,0],"1":[1,2]},"_coverageSchema":"1a1c01bbd47fc00a2c39e90264f33305004495a9","hash":"9a3f70b7f229478c79ea3f0a55ef2886236c94b3"}
,"C:\\Users\\ralibardi\\Desktop\\ra-portfolio\\src\\components\\buttons\\components\\secondary-button\\secondary-button.stories.tsx": {"path":"C:\\Users\\ralibardi\\Desktop\\ra-portfolio\\src\\components\\buttons\\components\\secondary-button\\secondary-button.stories.tsx","statementMap":{"0":{"start":{"line":4,"column":43},"end":{"line":7,"column":1}},"1":{"start":{"line":13,"column":35},"end":{"line":17,"column":1}},"2":{"start":{"line":19,"column":30},"end":{"line":24,"column":1}},"3":{"start":{"line":22,"column":19},"end":{"line":22,"column":35}},"4":{"start":{"line":26,"column":35},"end":{"line":31,"column":1}}},"fnMap":{"0":{"name":"(anonymous_0)","decl":{"start":{"line":22,"column":13},"end":{"line":22,"column":14}},"loc":{"start":{"line":22,"column":19},"end":{"line":22,"column":35}},"line":22}},"branchMap":{},"s":{"0":0,"1":0,"2":0,"3":0,"4":0},"f":{"0":0},"b":{}}
,"C:\\Users\\ralibardi\\Desktop\\ra-portfolio\\src\\components\\buttons\\components\\secondary-button\\secondary-button.tsx": {"path":"C:\\Users\\ralibardi\\Desktop\\ra-portfolio\\src\\components\\buttons\\components\\secondary-button\\secondary-button.tsx","statementMap":{"0":{"start":{"line":7,"column":24},"end":{"line":44,"column":2}},"1":{"start":{"line":13,"column":22},"end":{"line":18,"column":3}},"2":{"start":{"line":14,"column":4},"end":{"line":14,"column":23}},"3":{"start":{"line":15,"column":4},"end":{"line":17,"column":5}},"4":{"start":{"line":16,"column":6},"end":{"line":16,"column":17}},"5":{"start":{"line":20,"column":2},"end":{"line":43,"column":4}},"6":{"start":{"line":46,"column":0},"end":{"line":46,"column":48}}},"fnMap":{"0":{"name":"secondaryButton","decl":{"start":{"line":7,"column":38},"end":{"line":7,"column":53}},"loc":{"start":{"line":12,"column":23},"end":{"line":44,"column":1}},"line":12},"1":{"name":"(anonymous_1)","decl":{"start":{"line":13,"column":22},"end":{"line":13,"column":23}},"loc":{"start":{"line":13,"column":66},"end":{"line":18,"column":3}},"line":13}},"branchMap":{"0":{"loc":{"start":{"line":10,"column":2},"end":{"line":10,"column":19}},"type":"default-arg","locations":[{"start":{"line":10,"column":14},"end":{"line":10,"column":19}}],"line":10},"1":{"loc":{"start":{"line":15,"column":4},"end":{"line":17,"column":5}},"type":"if","locations":[{"start":{"line":15,"column":4},"end":{"line":17,"column":5}},{"start":{},"end":{}}],"line":15},"2":{"loc":{"start":{"line":30,"column":7},"end":{"line":41,"column":7}},"type":"cond-expr","locations":[{"start":{"line":31,"column":8},"end":{"line":31,"column":19}},{"start":{"line":33,"column":8},"end":{"line":40,"column":14}}],"line":30}},"s":{"0":3,"1":3,"2":1,"3":1,"4":1,"5":3,"6":3},"f":{"0":3,"1":1},"b":{"0":[2],"1":[1,0],"2":[1,2]},"_coverageSchema":"1a1c01bbd47fc00a2c39e90264f33305004495a9","hash":"79176aef3c668d99966cef556f8d55c900605468"}
,"C:\\Users\\ralibardi\\Desktop\\ra-portfolio\\src\\components\\buttons\\types\\buttonWithIconProps.tsx": {"path":"C:\\Users\\ralibardi\\Desktop\\ra-portfolio\\src\\components\\buttons\\types\\buttonWithIconProps.tsx","statementMap":{},"fnMap":{},"branchMap":{},"s":{},"f":{},"b":{}}
,"C:\\Users\\ralibardi\\Desktop\\ra-portfolio\\src\\components\\buttons\\types\\primaryButtonProps.tsx": {"path":"C:\\Users\\ralibardi\\Desktop\\ra-portfolio\\src\\components\\buttons\\types\\primaryButtonProps.tsx","statementMap":{},"fnMap":{},"branchMap":{},"s":{},"f":{},"b":{}}
,"C:\\Users\\ralibardi\\Desktop\\ra-portfolio\\src\\components\\buttons\\types\\secondaryButtonProps.tsx": {"path":"C:\\Users\\ralibardi\\Desktop\\ra-portfolio\\src\\components\\buttons\\types\\secondaryButtonProps.tsx","statementMap":{},"fnMap":{},"branchMap":{},"s":{},"f":{},"b":{}}
,"C:\\Users\\ralibardi\\Desktop\\ra-portfolio\\src\\components\\company-info\\components\\company-info.tsx": {"path":"C:\\Users\\ralibardi\\Desktop\\ra-portfolio\\src\\components\\company-info\\components\\company-info.tsx","statementMap":{"0":{"start":{"line":14,"column":58},"end":{"line":40,"column":1}},"1":{"start":{"line":17,"column":16},"end":{"line":17,"column":32}},"2":{"start":{"line":19,"column":2},"end":{"line":39,"column":4}}},"fnMap":{"0":{"name":"(anonymous_0)","decl":{"start":{"line":14,"column":58},"end":{"line":14,"column":59}},"loc":{"start":{"line":16,"column":6},"end":{"line":40,"column":1}},"line":16}},"branchMap":{"0":{"loc":{"start":{"line":15,"column":2},"end":{"line":15,"column":23}},"type":"default-arg","locations":[{"start":{"line":15,"column":18},"end":{"line":15,"column":23}}],"line":15},"1":{"loc":{"start":{"line":32,"column":9},"end":{"line":36,"column":9}},"type":"binary-expr","locations":[{"start":{"line":32,"column":9},"end":{"line":32,"column":23}},{"start":{"line":33,"column":10},"end":{"line":35,"column":17}}],"line":32}},"s":{"0":1,"1":2,"2":2},"f":{"0":2},"b":{"0":[2],"1":[2,2]},"_coverageSchema":"1a1c01bbd47fc00a2c39e90264f33305004495a9","hash":"712928118942ad2f794a9594c48336863e6e23e4"}
,"C:\\Users\\ralibardi\\Desktop\\ra-portfolio\\src\\components\\error-boundary\\components\\error-boundary.tsx": {"path":"C:\\Users\\ralibardi\\Desktop\\ra-portfolio\\src\\components\\error-boundary\\components\\error-boundary.tsx","statementMap":{"0":{"start":{"line":24,"column":4},"end":{"line":24,"column":17}},"1":{"start":{"line":25,"column":4},"end":{"line":25,"column":67}},"2":{"start":{"line":29,"column":4},"end":{"line":33,"column":7}},"3":{"start":{"line":37,"column":4},"end":{"line":59,"column":5}},"4":{"start":{"line":38,"column":6},"end":{"line":58,"column":8}},"5":{"start":{"line":43,"column":29},"end":{"line":43,"column":50}},"6":{"start":{"line":61,"column":4},"end":{"line":61,"column":31}}},"fnMap":{"0":{"name":"(anonymous_0)","decl":{"start":{"line":23,"column":2},"end":{"line":23,"column":3}},"loc":{"start":{"line":23,"column":42},"end":{"line":26,"column":3}},"line":23},"1":{"name":"(anonymous_1)","decl":{"start":{"line":28,"column":2},"end":{"line":28,"column":3}},"loc":{"start":{"line":28,"column":62},"end":{"line":34,"column":3}},"line":28},"2":{"name":"(anonymous_2)","decl":{"start":{"line":36,"column":2},"end":{"line":36,"column":3}},"loc":{"start":{"line":36,"column":11},"end":{"line":62,"column":3}},"line":36},"3":{"name":"(anonymous_3)","decl":{"start":{"line":43,"column":23},"end":{"line":43,"column":24}},"loc":{"start":{"line":43,"column":29},"end":{"line":43,"column":50}},"line":43}},"branchMap":{"0":{"loc":{"start":{"line":37,"column":4},"end":{"line":59,"column":5}},"type":"if","locations":[{"start":{"line":37,"column":4},"end":{"line":59,"column":5}},{"start":{},"end":{}}],"line":37},"1":{"loc":{"start":{"line":53,"column":13},"end":{"line":53,"column":60}},"type":"binary-expr","locations":[{"start":{"line":53,"column":13},"end":{"line":53,"column":29}},{"start":{"line":53,"column":33},"end":{"line":53,"column":60}}],"line":53},"2":{"loc":{"start":{"line":55,"column":13},"end":{"line":55,"column":72}},"type":"binary-expr","locations":[{"start":{"line":55,"column":13},"end":{"line":55,"column":33}},{"start":{"line":55,"column":37},"end":{"line":55,"column":72}}],"line":55}},"s":{"0":0,"1":0,"2":0,"3":0,"4":0,"5":0,"6":0},"f":{"0":0,"1":0,"2":0,"3":0},"b":{"0":[0,0],"1":[0,0],"2":[0,0]}}
,"C:\\Users\\ralibardi\\Desktop\\ra-portfolio\\src\\components\\footer\\components\\footer\\footer.tsx": {"path":"C:\\Users\\ralibardi\\Desktop\\ra-portfolio\\src\\components\\footer\\components\\footer\\footer.tsx","statementMap":{"0":{"start":{"line":5,"column":22},"end":{"line":5,"column":76}},"1":{"start":{"line":5,"column":33},"end":{"line":5,"column":75}},"2":{"start":{"line":9,"column":34},"end":{"line":20,"column":1}},"3":{"start":{"line":10,"column":16},"end":{"line":10,"column":32}},"4":{"start":{"line":12,"column":2},"end":{"line":19,"column":4}}},"fnMap":{"0":{"name":"(anonymous_0)","decl":{"start":{"line":5,"column":27},"end":{"line":5,"column":28}},"loc":{"start":{"line":5,"column":33},"end":{"line":5,"column":75}},"line":5},"1":{"name":"(anonymous_1)","decl":{"start":{"line":9,"column":34},"end":{"line":9,"column":35}},"loc":{"start":{"line":9,"column":40},"end":{"line":20,"column":1}},"line":9}},"branchMap":{},"s":{"0":1,"1":1,"2":1,"3":4,"4":4},"f":{"0":1,"1":4},"b":{},"_coverageSchema":"1a1c01bbd47fc00a2c39e90264f33305004495a9","hash":"251e2a0a0f1c873d17ebe481f9f45ebbe30ae32e"}
,"C:\\Users\\ralibardi\\Desktop\\ra-portfolio\\src\\components\\footer\\components\\footer-socials\\footer-socials.tsx": {"path":"C:\\Users\\ralibardi\\Desktop\\ra-portfolio\\src\\components\\footer\\components\\footer-socials\\footer-socials.tsx","statementMap":{"0":{"start":{"line":5,"column":17},"end":{"line":5,"column":60}},"1":{"start":{"line":5,"column":28},"end":{"line":5,"column":59}},"2":{"start":{"line":9,"column":41},"end":{"line":20,"column":1}},"3":{"start":{"line":10,"column":22},"end":{"line":10,"column":38}},"4":{"start":{"line":12,"column":2},"end":{"line":19,"column":4}},"5":{"start":{"line":15,"column":36},"end":{"line":15,"column":75}}},"fnMap":{"0":{"name":"(anonymous_0)","decl":{"start":{"line":5,"column":22},"end":{"line":5,"column":23}},"loc":{"start":{"line":5,"column":28},"end":{"line":5,"column":59}},"line":5},"1":{"name":"(anonymous_1)","decl":{"start":{"line":9,"column":41},"end":{"line":9,"column":42}},"loc":{"start":{"line":9,"column":47},"end":{"line":20,"column":1}},"line":9},"2":{"name":"(anonymous_2)","decl":{"start":{"line":15,"column":16},"end":{"line":15,"column":17}},"loc":{"start":{"line":15,"column":36},"end":{"line":15,"column":75}},"line":15}},"branchMap":{},"s":{"0":1,"1":1,"2":1,"3":3,"4":3,"5":21},"f":{"0":1,"1":3,"2":21},"b":{},"_coverageSchema":"1a1c01bbd47fc00a2c39e90264f33305004495a9","hash":"1aead40915645a839ae963d35a7d27789c8c19c0"}
,"C:\\Users\\ralibardi\\Desktop\\ra-portfolio\\src\\components\\header\\components\\header.tsx": {"path":"C:\\Users\\ralibardi\\Desktop\\ra-portfolio\\src\\components\\header\\components\\header.tsx","statementMap":{"0":{"start":{"line":3,"column":15},"end":{"line":3,"column":55}},"1":{"start":{"line":3,"column":26},"end":{"line":3,"column":54}},"2":{"start":{"line":4,"column":20},"end":{"line":4,"column":66}},"3":{"start":{"line":4,"column":31},"end":{"line":4,"column":65}},"4":{"start":{"line":5,"column":20},"end":{"line":5,"column":66}},"5":{"start":{"line":5,"column":31},"end":{"line":5,"column":65}},"6":{"start":{"line":9,"column":34},"end":{"line":25,"column":1}},"7":{"start":{"line":10,"column":2},"end":{"line":24,"column":4}}},"fnMap":{"0":{"name":"(anonymous_0)","decl":{"start":{"line":3,"column":20},"end":{"line":3,"column":21}},"loc":{"start":{"line":3,"column":26},"end":{"line":3,"column":54}},"line":3},"1":{"name":"(anonymous_1)","decl":{"start":{"line":4,"column":25},"end":{"line":4,"column":26}},"loc":{"start":{"line":4,"column":31},"end":{"line":4,"column":65}},"line":4},"2":{"name":"(anonymous_2)","decl":{"start":{"line":5,"column":25},"end":{"line":5,"column":26}},"loc":{"start":{"line":5,"column":31},"end":{"line":5,"column":65}},"line":5},"3":{"name":"(anonymous_3)","decl":{"start":{"line":9,"column":34},"end":{"line":9,"column":35}},"loc":{"start":{"line":9,"column":40},"end":{"line":25,"column":1}},"line":9}},"branchMap":{},"s":{"0":1,"1":1,"2":1,"3":1,"4":1,"5":1,"6":1,"7":5},"f":{"0":1,"1":1,"2":1,"3":5},"b":{},"_coverageSchema":"1a1c01bbd47fc00a2c39e90264f33305004495a9","hash":"b170d8315814ed6edc78b5482c430409581c6e45"}
,"C:\\Users\\ralibardi\\Desktop\\ra-portfolio\\src\\components\\icon-link\\components\\icon-link.stories.tsx": {"path":"C:\\Users\\ralibardi\\Desktop\\ra-portfolio\\src\\components\\icon-link\\components\\icon-link.stories.tsx","statementMap":{"0":{"start":{"line":5,"column":36},"end":{"line":8,"column":1}},"1":{"start":{"line":14,"column":30},"end":{"line":20,"column":1}},"2":{"start":{"line":22,"column":30},"end":{"line":27,"column":1}},"3":{"start":{"line":29,"column":29},"end":{"line":34,"column":1}}},"fnMap":{},"branchMap":{},"s":{"0":0,"1":0,"2":0,"3":0},"f":{},"b":{}}
,"C:\\Users\\ralibardi\\Desktop\\ra-portfolio\\src\\components\\icon-link\\components\\icon-link.tsx": {"path":"C:\\Users\\ralibardi\\Desktop\\ra-portfolio\\src\\components\\icon-link\\components\\icon-link.tsx","statementMap":{"0":{"start":{"line":7,"column":17},"end":{"line":33,"column":2}},"1":{"start":{"line":12,"column":2},"end":{"line":32,"column":4}},"2":{"start":{"line":35,"column":0},"end":{"line":35,"column":34}}},"fnMap":{"0":{"name":"buttonWithIcon","decl":{"start":{"line":7,"column":31},"end":{"line":7,"column":45}},"loc":{"start":{"line":11,"column":18},"end":{"line":33,"column":1}},"line":11}},"branchMap":{"0":{"loc":{"start":{"line":17,"column":18},"end":{"line":17,"column":51}},"type":"binary-expr","locations":[{"start":{"line":17,"column":18},"end":{"line":17,"column":23}},{"start":{"line":17,"column":27},"end":{"line":17,"column":41}},{"start":{"line":17,"column":45},"end":{"line":17,"column":51}}],"line":17},"1":{"loc":{"start":{"line":26,"column":7},"end":{"line":30,"column":7}},"type":"binary-expr","locations":[{"start":{"line":26,"column":7},"end":{"line":26,"column":12}},{"start":{"line":27,"column":8},"end":{"line":29,"column":15}}],"line":26}},"s":{"0":2,"1":18,"2":2},"f":{"0":18},"b":{"0":[18,17,0],"1":[18,1]},"_coverageSchema":"1a1c01bbd47fc00a2c39e90264f33305004495a9","hash":"e961e6055d05d5b8add4181f1b10f3cff1a7b70d"}
,"C:\\Users\\ralibardi\\Desktop\\ra-portfolio\\src\\components\\loading\\components\\loading.tsx": {"path":"C:\\Users\\ralibardi\\Desktop\\ra-portfolio\\src\\components\\loading\\components\\loading.tsx","statementMap":{"0":{"start":{"line":10,"column":50},"end":{"line":18,"column":1}},"1":{"start":{"line":11,"column":20},"end":{"line":11,"column":52}},"2":{"start":{"line":13,"column":2},"end":{"line":17,"column":4}}},"fnMap":{"0":{"name":"(anonymous_0)","decl":{"start":{"line":10,"column":50},"end":{"line":10,"column":51}},"loc":{"start":{"line":10,"column":74},"end":{"line":18,"column":1}},"line":10}},"branchMap":{"0":{"loc":{"start":{"line":10,"column":53},"end":{"line":10,"column":67}},"type":"default-arg","locations":[{"start":{"line":10,"column":60},"end":{"line":10,"column":67}}],"line":10}},"s":{"0":4,"1":6,"2":6},"f":{"0":6},"b":{"0":[4]},"_coverageSchema":"1a1c01bbd47fc00a2c39e90264f33305004495a9","hash":"e370db9aa502486bcc1d9a61f759d8023535d48d"}
,"C:\\Users\\ralibardi\\Desktop\\ra-portfolio\\src\\components\\theme-toggle\\component\\theme-toggle.tsx": {"path":"C:\\Users\\ralibardi\\Desktop\\ra-portfolio\\src\\components\\theme-toggle\\component\\theme-toggle.tsx","statementMap":{"0":{"start":{"line":6,"column":20},"end":{"line":23,"column":1}},"1":{"start":{"line":7,"column":23},"end":{"line":7,"column":33}},"2":{"start":{"line":9,"column":2},"end":{"line":11,"column":3}},"3":{"start":{"line":10,"column":4},"end":{"line":10,"column":16}},"4":{"start":{"line":13,"column":33},"end":{"line":13,"column":45}},"5":{"start":{"line":15,"column":2},"end":{"line":22,"column":4}}},"fnMap":{"0":{"name":"(anonymous_0)","decl":{"start":{"line":6,"column":20},"end":{"line":6,"column":21}},"loc":{"start":{"line":6,"column":26},"end":{"line":23,"column":1}},"line":6}},"branchMap":{"0":{"loc":{"start":{"line":9,"column":2},"end":{"line":11,"column":3}},"type":"if","locations":[{"start":{"line":9,"column":2},"end":{"line":11,"column":3}},{"start":{},"end":{}}],"line":9}},"s":{"0":1,"1":4,"2":4,"3":0,"4":4,"5":4},"f":{"0":4},"b":{"0":[0,4]},"_coverageSchema":"1a1c01bbd47fc00a2c39e90264f33305004495a9","hash":"f722372ef677e3eb1b9b68841d6d1341e0696273"}
,"C:\\Users\\ralibardi\\Desktop\\ra-portfolio\\src\\components\\toggle\\components\\toggle\\toggle.stories.tsx": {"path":"C:\\Users\\ralibardi\\Desktop\\ra-portfolio\\src\\components\\toggle\\components\\toggle\\toggle.stories.tsx","statementMap":{"0":{"start":{"line":4,"column":34},"end":{"line":7,"column":1}},"1":{"start":{"line":13,"column":35},"end":{"line":17,"column":1}},"2":{"start":{"line":15,"column":19},"end":{"line":15,"column":35}},"3":{"start":{"line":19,"column":30},"end":{"line":24,"column":1}},"4":{"start":{"line":22,"column":19},"end":{"line":22,"column":35}}},"fnMap":{"0":{"name":"(anonymous_0)","decl":{"start":{"line":15,"column":13},"end":{"line":15,"column":14}},"loc":{"start":{"line":15,"column":19},"end":{"line":15,"column":35}},"line":15},"1":{"name":"(anonymous_1)","decl":{"start":{"line":22,"column":13},"end":{"line":22,"column":14}},"loc":{"start":{"line":22,"column":19},"end":{"line":22,"column":35}},"line":22}},"branchMap":{},"s":{"0":0,"1":0,"2":0,"3":0,"4":0},"f":{"0":0,"1":0},"b":{}}
,"C:\\Users\\ralibardi\\Desktop\\ra-portfolio\\src\\components\\toggle\\components\\toggle\\toggle.tsx": {"path":"C:\\Users\\ralibardi\\Desktop\\ra-portfolio\\src\\components\\toggle\\components\\toggle\\toggle.tsx","statementMap":{"0":{"start":{"line":7,"column":48},"end":{"line":33,"column":1}},"1":{"start":{"line":11,"column":26},"end":{"line":11,"column":43}},"2":{"start":{"line":13,"column":23},"end":{"line":16,"column":3}},"3":{"start":{"line":14,"column":4},"end":{"line":14,"column":19}},"4":{"start":{"line":15,"column":4},"end":{"line":15,"column":30}},"5":{"start":{"line":18,"column":2},"end":{"line":32,"column":4}},"6":{"start":{"line":35,"column":15},"end":{"line":40,"column":1}}},"fnMap":{"0":{"name":"(anonymous_0)","decl":{"start":{"line":7,"column":48},"end":{"line":7,"column":49}},"loc":{"start":{"line":10,"column":6},"end":{"line":33,"column":1}},"line":10},"1":{"name":"(anonymous_1)","decl":{"start":{"line":13,"column":23},"end":{"line":13,"column":24}},"loc":{"start":{"line":13,"column":68},"end":{"line":16,"column":3}},"line":13}},"branchMap":{"0":{"loc":{"start":{"line":8,"column":2},"end":{"line":8,"column":17}},"type":"default-arg","locations":[{"start":{"line":8,"column":12},"end":{"line":8,"column":17}}],"line":8},"1":{"loc":{"start":{"line":15,"column":4},"end":{"line":15,"column":29}},"type":"binary-expr","locations":[{"start":{"line":15,"column":4},"end":{"line":15,"column":11}},{"start":{"line":15,"column":15},"end":{"line":15,"column":29}}],"line":15}},"s":{"0":2,"1":3,"2":3,"3":1,"4":1,"5":3,"6":2},"f":{"0":3,"1":1},"b":{"0":[3],"1":[1,1]},"_coverageSchema":"1a1c01bbd47fc00a2c39e90264f33305004495a9","hash":"73453895f159c82095a7a91bbf75dc5b94eaa8b7"}
,"C:\\Users\\ralibardi\\Desktop\\ra-portfolio\\src\\components\\toggle\\components\\toggle-with-icons\\toggle-with-icons.tsx": {"path":"C:\\Users\\ralibardi\\Desktop\\ra-portfolio\\src\\components\\toggle\\components\\toggle-with-icons\\toggle-with-icons.tsx","statementMap":{"0":{"start":{"line":10,"column":66},"end":{"line":55,"column":1}},"1":{"start":{"line":16,"column":26},"end":{"line":16,"column":43}},"2":{"start":{"line":18,"column":23},"end":{"line":21,"column":3}},"3":{"start":{"line":19,"column":4},"end":{"line":19,"column":19}},"4":{"start":{"line":20,"column":4},"end":{"line":20,"column":30}},"5":{"start":{"line":23,"column":28},"end":{"line":23,"column":77}},"6":{"start":{"line":24,"column":29},"end":{"line":24,"column":78}},"7":{"start":{"line":26,"column":2},"end":{"line":54,"column":4}},"8":{"start":{"line":57,"column":15},"end":{"line":61,"column":1}}},"fnMap":{"0":{"name":"(anonymous_0)","decl":{"start":{"line":10,"column":66},"end":{"line":10,"column":67}},"loc":{"start":{"line":15,"column":6},"end":{"line":55,"column":1}},"line":15},"1":{"name":"(anonymous_1)","decl":{"start":{"line":18,"column":23},"end":{"line":18,"column":24}},"loc":{"start":{"line":18,"column":68},"end":{"line":21,"column":3}},"line":18}},"branchMap":{"0":{"loc":{"start":{"line":13,"column":2},"end":{"line":13,"column":17}},"type":"default-arg","locations":[{"start":{"line":13,"column":12},"end":{"line":13,"column":17}}],"line":13},"1":{"loc":{"start":{"line":20,"column":4},"end":{"line":20,"column":29}},"type":"binary-expr","locations":[{"start":{"line":20,"column":4},"end":{"line":20,"column":11}},{"start":{"line":20,"column":15},"end":{"line":20,"column":29}}],"line":20},"2":{"loc":{"start":{"line":33,"column":7},"end":{"line":39,"column":7}},"type":"binary-expr","locations":[{"start":{"line":33,"column":7},"end":{"line":33,"column":15}},{"start":{"line":34,"column":8},"end":{"line":38,"column":10}}],"line":33},"3":{"loc":{"start":{"line":46,"column":7},"end":{"line":52,"column":7}},"type":"binary-expr","locations":[{"start":{"line":46,"column":7},"end":{"line":46,"column":16}},{"start":{"line":47,"column":8},"end":{"line":51,"column":10}}],"line":46}},"s":{"0":2,"1":4,"2":4,"3":2,"4":2,"5":4,"6":4,"7":4,"8":2},"f":{"0":4,"1":2},"b":{"0":[0],"1":[2,2],"2":[4,4],"3":[4,4]},"_coverageSchema":"1a1c01bbd47fc00a2c39e90264f33305004495a9","hash":"e8dc234dd6aa04c73411f317e7956c7e260fe627"}
,"C:\\Users\\ralibardi\\Desktop\\ra-portfolio\\src\\components\\toggle\\components\\toggle-with-label\\toggle-with-label.tsx": {"path":"C:\\Users\\ralibardi\\Desktop\\ra-portfolio\\src\\components\\toggle\\components\\toggle-with-label\\toggle-with-label.tsx","statementMap":{"0":{"start":{"line":7,"column":66},"end":{"line":39,"column":1}},"1":{"start":{"line":12,"column":26},"end":{"line":12,"column":43}},"2":{"start":{"line":14,"column":23},"end":{"line":17,"column":3}},"3":{"start":{"line":15,"column":4},"end":{"line":15,"column":19}},"4":{"start":{"line":16,"column":4},"end":{"line":16,"column":30}},"5":{"start":{"line":19,"column":2},"end":{"line":38,"column":4}},"6":{"start":{"line":41,"column":15},"end":{"line":46,"column":1}}},"fnMap":{"0":{"name":"(anonymous_0)","decl":{"start":{"line":7,"column":66},"end":{"line":7,"column":67}},"loc":{"start":{"line":11,"column":6},"end":{"line":39,"column":1}},"line":11},"1":{"name":"(anonymous_1)","decl":{"start":{"line":14,"column":23},"end":{"line":14,"column":24}},"loc":{"start":{"line":14,"column":68},"end":{"line":17,"column":3}},"line":14}},"branchMap":{"0":{"loc":{"start":{"line":9,"column":2},"end":{"line":9,"column":17}},"type":"default-arg","locations":[{"start":{"line":9,"column":12},"end":{"line":9,"column":17}}],"line":9},"1":{"loc":{"start":{"line":16,"column":4},"end":{"line":16,"column":29}},"type":"binary-expr","locations":[{"start":{"line":16,"column":4},"end":{"line":16,"column":11}},{"start":{"line":16,"column":15},"end":{"line":16,"column":29}}],"line":16}},"s":{"0":2,"1":0,"2":0,"3":0,"4":0,"5":0,"6":2},"f":{"0":0,"1":0},"b":{"0":[0],"1":[0,0]},"_coverageSchema":"1a1c01bbd47fc00a2c39e90264f33305004495a9","hash":"85839fb3fd4ebf3d876321047ff9ffcca2bfc784"}
,"C:\\Users\\ralibardi\\Desktop\\ra-portfolio\\src\\components\\topbar\\components\\nav-link\\nav-link.tsx": {"path":"C:\\Users\\ralibardi\\Desktop\\ra-portfolio\\src\\components\\topbar\\components\\nav-link\\nav-link.tsx","statementMap":{"0":{"start":{"line":9,"column":16},"end":{"line":19,"column":1}},"1":{"start":{"line":10,"column":2},"end":{"line":18,"column":9}}},"fnMap":{"0":{"name":"(anonymous_0)","decl":{"start":{"line":9,"column":16},"end":{"line":9,"column":17}},"loc":{"start":{"line":10,"column":2},"end":{"line":18,"column":9}},"line":10}},"branchMap":{},"s":{"0":0,"1":0},"f":{"0":0},"b":{}}
,"C:\\Users\\ralibardi\\Desktop\\ra-portfolio\\src\\components\\topbar\\components\\topbar\\topbar.tsx": {"path":"C:\\Users\\ralibardi\\Desktop\\ra-portfolio\\src\\components\\topbar\\components\\topbar\\topbar.tsx","statementMap":{"0":{"start":{"line":10,"column":34},"end":{"line":28,"column":1}},"1":{"start":{"line":11,"column":19},"end":{"line":11,"column":32}},"2":{"start":{"line":12,"column":17},"end":{"line":12,"column":48}},"3":{"start":{"line":12,"column":31},"end":{"line":12,"column":43}},"4":{"start":{"line":14,"column":2},"end":{"line":27,"column":4}},"5":{"start":{"line":18,"column":10},"end":{"line":22,"column":12}}},"fnMap":{"0":{"name":"(anonymous_0)","decl":{"start":{"line":10,"column":34},"end":{"line":10,"column":35}},"loc":{"start":{"line":10,"column":40},"end":{"line":28,"column":1}},"line":10},"1":{"name":"(anonymous_1)","decl":{"start":{"line":12,"column":25},"end":{"line":12,"column":26}},"loc":{"start":{"line":12,"column":31},"end":{"line":12,"column":43}},"line":12},"2":{"name":"(anonymous_2)","decl":{"start":{"line":17,"column":16},"end":{"line":17,"column":17}},"loc":{"start":{"line":18,"column":10},"end":{"line":22,"column":12}},"line":18}},"branchMap":{},"s":{"0":0,"1":0,"2":0,"3":0,"4":0,"5":0},"f":{"0":0,"1":0,"2":0},"b":{}}
,"C:\\Users\\ralibardi\\Desktop\\ra-portfolio\\src\\contexts\\theme-context.tsx": {"path":"C:\\Users\\ralibardi\\Desktop\\ra-portfolio\\src\\contexts\\theme-context.tsx","statementMap":{"0":{"start":{"line":10,"column":21},"end":{"line":10,"column":62}},"1":{"start":{"line":14,"column":5},"end":{"line":47,"column":1}},"2":{"start":{"line":15,"column":28},"end":{"line":18,"column":4}},"3":{"start":{"line":16,"column":24},"end":{"line":16,"column":53}},"4":{"start":{"line":17,"column":4},"end":{"line":17,"column":45}},"5":{"start":{"line":20,"column":2},"end":{"line":36,"column":14}},"6":{"start":{"line":21,"column":4},"end":{"line":21,"column":41}},"7":{"start":{"line":24,"column":6},"end":{"line":25,"column":63}},"8":{"start":{"line":26,"column":4},"end":{"line":30,"column":5}},"9":{"start":{"line":27,"column":6},"end":{"line":27,"column":23}},"10":{"start":{"line":28,"column":11},"end":{"line":30,"column":5}},"11":{"start":{"line":29,"column":6},"end":{"line":29,"column":24}},"12":{"start":{"line":32,"column":4},"end":{"line":35,"column":6}},"13":{"start":{"line":38,"column":22},"end":{"line":40,"column":3}},"14":{"start":{"line":39,"column":4},"end":{"line":39,"column":72}},"15":{"start":{"line":39,"column":29},"end":{"line":39,"column":69}},"16":{"start":{"line":42,"column":2},"end":{"line":46,"column":4}}},"fnMap":{"0":{"name":"(anonymous_0)","decl":{"start":{"line":14,"column":5},"end":{"line":14,"column":6}},"loc":{"start":{"line":14,"column":23},"end":{"line":47,"column":1}},"line":14},"1":{"name":"(anonymous_1)","decl":{"start":{"line":15,"column":44},"end":{"line":15,"column":45}},"loc":{"start":{"line":15,"column":50},"end":{"line":18,"column":3}},"line":15},"2":{"name":"(anonymous_2)","decl":{"start":{"line":20,"column":12},"end":{"line":20,"column":13}},"loc":{"start":{"line":20,"column":18},"end":{"line":36,"column":3}},"line":20},"3":{"name":"(anonymous_3)","decl":{"start":{"line":38,"column":22},"end":{"line":38,"column":23}},"loc":{"start":{"line":38,"column":28},"end":{"line":40,"column":3}},"line":38},"4":{"name":"(anonymous_4)","decl":{"start":{"line":39,"column":13},"end":{"line":39,"column":14}},"loc":{"start":{"line":39,"column":29},"end":{"line":39,"column":69}},"line":39}},"branchMap":{"0":{"loc":{"start":{"line":17,"column":11},"end":{"line":17,"column":44}},"type":"binary-expr","locations":[{"start":{"line":17,"column":12},"end":{"line":17,"column":32}},{"start":{"line":17,"column":37},"end":{"line":17,"column":44}}],"line":17},"1":{"loc":{"start":{"line":24,"column":6},"end":{"line":25,"column":63}},"type":"binary-expr","locations":[{"start":{"line":24,"column":6},"end":{"line":24,"column":23}},{"start":{"line":25,"column":6},"end":{"line":25,"column":63}}],"line":24},"2":{"loc":{"start":{"line":26,"column":4},"end":{"line":30,"column":5}},"type":"if","locations":[{"start":{"line":26,"column":4},"end":{"line":30,"column":5}},{"start":{"line":28,"column":11},"end":{"line":30,"column":5}}],"line":26},"3":{"loc":{"start":{"line":26,"column":8},"end":{"line":26,"column":41}},"type":"binary-expr","locations":[{"start":{"line":26,"column":8},"end":{"line":26,"column":19}},{"start":{"line":26,"column":23},"end":{"line":26,"column":41}}],"line":26},"4":{"loc":{"start":{"line":28,"column":11},"end":{"line":30,"column":5}},"type":"if","locations":[{"start":{"line":28,"column":11},"end":{"line":30,"column":5}},{"start":{},"end":{}}],"line":28},"5":{"loc":{"start":{"line":28,"column":15},"end":{"line":28,"column":49}},"type":"binary-expr","locations":[{"start":{"line":28,"column":15},"end":{"line":28,"column":27}},{"start":{"line":28,"column":31},"end":{"line":28,"column":49}}],"line":28},"6":{"loc":{"start":{"line":34,"column":6},"end":{"line":34,"column":61}},"type":"binary-expr","locations":[{"start":{"line":34,"column":6},"end":{"line":34,"column":22}},{"start":{"line":34,"column":27},"end":{"line":34,"column":45}},{"start":{"line":34,"column":49},"end":{"line":34,"column":60}}],"line":34},"7":{"loc":{"start":{"line":39,"column":29},"end":{"line":39,"column":69}},"type":"cond-expr","locations":[{"start":{"line":39,"column":53},"end":{"line":39,"column":59}},{"start":{"line":39,"column":62},"end":{"line":39,"column":69}}],"line":39}},"s":{"0":10,"1":10,"2":33,"3":31,"4":31,"5":33,"6":30,"7":30,"8":30,"9":0,"10":30,"11":0,"12":30,"13":33,"14":2,"15":2,"16":33},"f":{"0":33,"1":31,"2":30,"3":2,"4":2},"b":{"0":[31,13],"1":[30,0],"2":[0,30],"3":[30,0],"4":[0,30],"5":[30,30],"6":[30,29,0],"7":[1,1]},"_coverageSchema":"1a1c01bbd47fc00a2c39e90264f33305004495a9","hash":"50a7a73aad907cfffb04ce87c7fd59411f846c55"}
,"C:\\Users\\ralibardi\\Desktop\\ra-portfolio\\src\\hooks\\use-theme.tsx": {"path":"C:\\Users\\ralibardi\\Desktop\\ra-portfolio\\src\\hooks\\use-theme.tsx","statementMap":{"0":{"start":{"line":4,"column":24},"end":{"line":11,"column":1}},"1":{"start":{"line":5,"column":18},"end":{"line":5,"column":42}},"2":{"start":{"line":7,"column":2},"end":{"line":9,"column":3}},"3":{"start":{"line":8,"column":4},"end":{"line":8,"column":68}},"4":{"start":{"line":10,"column":2},"end":{"line":10,"column":17}}},"fnMap":{"0":{"name":"(anonymous_0)","decl":{"start":{"line":4,"column":24},"end":{"line":4,"column":25}},"loc":{"start":{"line":4,"column":30},"end":{"line":11,"column":1}},"line":4}},"branchMap":{"0":{"loc":{"start":{"line":7,"column":2},"end":{"line":9,"column":3}},"type":"if","locations":[{"start":{"line":7,"column":2},"end":{"line":9,"column":3}},{"start":{},"end":{}}],"line":7}},"s":{"0":1,"1":4,"2":4,"3":0,"4":4},"f":{"0":4},"b":{"0":[0,4]},"_coverageSchema":"1a1c01bbd47fc00a2c39e90264f33305004495a9","hash":"cc8eeeb548ef2f86004cb811b164c43a1f7dfcc2"}
,"C:\\Users\\ralibardi\\Desktop\\ra-portfolio\\src\\pages\\about-page\\components\\about-page.tsx": {"path":"C:\\Users\\ralibardi\\Desktop\\ra-portfolio\\src\\pages\\about-page\\components\\about-page.tsx","statementMap":{"0":{"start":{"line":3,"column":16},"end":{"line":3,"column":57}},"1":{"start":{"line":3,"column":27},"end":{"line":3,"column":56}},"2":{"start":{"line":7,"column":37},"end":{"line":13,"column":1}},"3":{"start":{"line":8,"column":2},"end":{"line":12,"column":4}}},"fnMap":{"0":{"name":"(anonymous_0)","decl":{"start":{"line":3,"column":21},"end":{"line":3,"column":22}},"loc":{"start":{"line":3,"column":27},"end":{"line":3,"column":56}},"line":3},"1":{"name":"(anonymous_1)","decl":{"start":{"line":7,"column":37},"end":{"line":7,"column":38}},"loc":{"start":{"line":7,"column":43},"end":{"line":13,"column":1}},"line":7}},"branchMap":{},"s":{"0":0,"1":0,"2":0,"3":0},"f":{"0":0,"1":0},"b":{}}
,"C:\\Users\\ralibardi\\Desktop\\ra-portfolio\\src\\pages\\base-page\\components\\base-page.tsx": {"path":"C:\\Users\\ralibardi\\Desktop\\ra-portfolio\\src\\pages\\base-page\\components\\base-page.tsx","statementMap":{"0":{"start":{"line":4,"column":15},"end":{"line":4,"column":55}},"1":{"start":{"line":4,"column":26},"end":{"line":4,"column":54}},"2":{"start":{"line":5,"column":15},"end":{"line":5,"column":55}},"3":{"start":{"line":5,"column":26},"end":{"line":5,"column":54}},"4":{"start":{"line":9,"column":36},"end":{"line":19,"column":1}},"5":{"start":{"line":10,"column":2},"end":{"line":18,"column":4}}},"fnMap":{"0":{"name":"(anonymous_0)","decl":{"start":{"line":4,"column":20},"end":{"line":4,"column":21}},"loc":{"start":{"line":4,"column":26},"end":{"line":4,"column":54}},"line":4},"1":{"name":"(anonymous_1)","decl":{"start":{"line":5,"column":20},"end":{"line":5,"column":21}},"loc":{"start":{"line":5,"column":26},"end":{"line":5,"column":54}},"line":5},"2":{"name":"(anonymous_2)","decl":{"start":{"line":9,"column":36},"end":{"line":9,"column":37}},"loc":{"start":{"line":9,"column":42},"end":{"line":19,"column":1}},"line":9}},"branchMap":{},"s":{"0":0,"1":0,"2":0,"3":0,"4":0,"5":0},"f":{"0":0,"1":0,"2":0},"b":{}}
,"C:\\Users\\ralibardi\\Desktop\\ra-portfolio\\src\\pages\\coding-page\\components\\coding-page.tsx": {"path":"C:\\Users\\ralibardi\\Desktop\\ra-portfolio\\src\\pages\\coding-page\\components\\coding-page.tsx","statementMap":{"0":{"start":{"line":3,"column":16},"end":{"line":3,"column":57}},"1":{"start":{"line":3,"column":27},"end":{"line":3,"column":56}},"2":{"start":{"line":7,"column":38},"end":{"line":13,"column":1}},"3":{"start":{"line":8,"column":2},"end":{"line":12,"column":4}}},"fnMap":{"0":{"name":"(anonymous_0)","decl":{"start":{"line":3,"column":21},"end":{"line":3,"column":22}},"loc":{"start":{"line":3,"column":27},"end":{"line":3,"column":56}},"line":3},"1":{"name":"(anonymous_1)","decl":{"start":{"line":7,"column":38},"end":{"line":7,"column":39}},"loc":{"start":{"line":7,"column":44},"end":{"line":13,"column":1}},"line":7}},"branchMap":{},"s":{"0":0,"1":0,"2":0,"3":0},"f":{"0":0,"1":0},"b":{}}
,"C:\\Users\\ralibardi\\Desktop\\ra-portfolio\\src\\pages\\contact-page\\components\\contact-page.tsx": {"path":"C:\\Users\\ralibardi\\Desktop\\ra-portfolio\\src\\pages\\contact-page\\components\\contact-page.tsx","statementMap":{"0":{"start":{"line":3,"column":16},"end":{"line":3,"column":57}},"1":{"start":{"line":3,"column":27},"end":{"line":3,"column":56}},"2":{"start":{"line":7,"column":39},"end":{"line":13,"column":1}},"3":{"start":{"line":8,"column":2},"end":{"line":12,"column":4}}},"fnMap":{"0":{"name":"(anonymous_0)","decl":{"start":{"line":3,"column":21},"end":{"line":3,"column":22}},"loc":{"start":{"line":3,"column":27},"end":{"line":3,"column":56}},"line":3},"1":{"name":"(anonymous_1)","decl":{"start":{"line":7,"column":39},"end":{"line":7,"column":40}},"loc":{"start":{"line":7,"column":45},"end":{"line":13,"column":1}},"line":7}},"branchMap":{},"s":{"0":0,"1":0,"2":0,"3":0},"f":{"0":0,"1":0},"b":{}}
,"C:\\Users\\ralibardi\\Desktop\\ra-portfolio\\src\\pages\\gaming-page\\components\\gaming-page.tsx": {"path":"C:\\Users\\ralibardi\\Desktop\\ra-portfolio\\src\\pages\\gaming-page\\components\\gaming-page.tsx","statementMap":{"0":{"start":{"line":3,"column":16},"end":{"line":3,"column":57}},"1":{"start":{"line":3,"column":27},"end":{"line":3,"column":56}},"2":{"start":{"line":7,"column":38},"end":{"line":13,"column":1}},"3":{"start":{"line":8,"column":2},"end":{"line":12,"column":4}}},"fnMap":{"0":{"name":"(anonymous_0)","decl":{"start":{"line":3,"column":21},"end":{"line":3,"column":22}},"loc":{"start":{"line":3,"column":27},"end":{"line":3,"column":56}},"line":3},"1":{"name":"(anonymous_1)","decl":{"start":{"line":7,"column":38},"end":{"line":7,"column":39}},"loc":{"start":{"line":7,"column":44},"end":{"line":13,"column":1}},"line":7}},"branchMap":{},"s":{"0":0,"1":0,"2":0,"3":0},"f":{"0":0,"1":0},"b":{}}
,"C:\\Users\\ralibardi\\Desktop\\ra-portfolio\\src\\pages\\home-page\\components\\home-page.tsx": {"path":"C:\\Users\\ralibardi\\Desktop\\ra-portfolio\\src\\pages\\home-page\\components\\home-page.tsx","statementMap":{"0":{"start":{"line":3,"column":16},"end":{"line":3,"column":57}},"1":{"start":{"line":3,"column":27},"end":{"line":3,"column":56}},"2":{"start":{"line":7,"column":36},"end":{"line":13,"column":1}},"3":{"start":{"line":8,"column":2},"end":{"line":12,"column":4}}},"fnMap":{"0":{"name":"(anonymous_0)","decl":{"start":{"line":3,"column":21},"end":{"line":3,"column":22}},"loc":{"start":{"line":3,"column":27},"end":{"line":3,"column":56}},"line":3},"1":{"name":"(anonymous_1)","decl":{"start":{"line":7,"column":36},"end":{"line":7,"column":37}},"loc":{"start":{"line":7,"column":42},"end":{"line":13,"column":1}},"line":7}},"branchMap":{},"s":{"0":0,"1":0,"2":0,"3":0},"f":{"0":0,"1":0},"b":{}}
,"C:\\Users\\ralibardi\\Desktop\\ra-portfolio\\src\\pages\\photography-page\\components\\photography-page.tsx": {"path":"C:\\Users\\ralibardi\\Desktop\\ra-portfolio\\src\\pages\\photography-page\\components\\photography-page.tsx","statementMap":{"0":{"start":{"line":3,"column":16},"end":{"line":3,"column":57}},"1":{"start":{"line":3,"column":27},"end":{"line":3,"column":56}},"2":{"start":{"line":7,"column":43},"end":{"line":13,"column":1}},"3":{"start":{"line":8,"column":2},"end":{"line":12,"column":4}}},"fnMap":{"0":{"name":"(anonymous_0)","decl":{"start":{"line":3,"column":21},"end":{"line":3,"column":22}},"loc":{"start":{"line":3,"column":27},"end":{"line":3,"column":56}},"line":3},"1":{"name":"(anonymous_1)","decl":{"start":{"line":7,"column":43},"end":{"line":7,"column":44}},"loc":{"start":{"line":7,"column":49},"end":{"line":13,"column":1}},"line":7}},"branchMap":{},"s":{"0":0,"1":0,"2":0,"3":0},"f":{"0":0,"1":0},"b":{}}
,"C:\\Users\\ralibardi\\Desktop\\ra-portfolio\\src\\utils\\component-array.tsx": {"path":"C:\\Users\\ralibardi\\Desktop\\ra-portfolio\\src\\utils\\component-array.tsx","statementMap":{"0":{"start":{"line":3,"column":30},"end":{"line":13,"column":1}},"1":{"start":{"line":10,"column":2},"end":{"line":12,"column":13}},"2":{"start":{"line":11,"column":46},"end":{"line":11,"column":65}}},"fnMap":{"0":{"name":"(anonymous_0)","decl":{"start":{"line":3,"column":30},"end":{"line":3,"column":31}},"loc":{"start":{"line":10,"column":2},"end":{"line":12,"column":13}},"line":10},"1":{"name":"(anonymous_1)","decl":{"start":{"line":11,"column":29},"end":{"line":11,"column":30}},"loc":{"start":{"line":11,"column":46},"end":{"line":11,"column":65}},"line":11}},"branchMap":{},"s":{"0":1,"1":3,"2":21},"f":{"0":3,"1":21},"b":{},"_coverageSchema":"1a1c01bbd47fc00a2c39e90264f33305004495a9","hash":"9cbd3423eade31b27b28dcf2376feb487e93782c"}
,"C:\\Users\\ralibardi\\Desktop\\ra-portfolio\\src\\utils\\test-utilities.tsx": {"path":"C:\\Users\\ralibardi\\Desktop\\ra-portfolio\\src\\utils\\test-utilities.tsx","statementMap":{"0":{"start":{"line":17,"column":2},"end":{"line":21,"column":4}},"1":{"start":{"line":25,"column":2},"end":{"line":25,"column":76}}},"fnMap":{"0":{"name":"allProviders","decl":{"start":{"line":16,"column":9},"end":{"line":16,"column":21}},"loc":{"start":{"line":16,"column":70},"end":{"line":22,"column":1}},"line":16},"1":{"name":"customRender","decl":{"start":{"line":24,"column":9},"end":{"line":24,"column":21}},"loc":{"start":{"line":24,"column":79},"end":{"line":26,"column":1}},"line":24}},"branchMap":{},"s":{"0":31,"1":28},"f":{"0":31,"1":28},"b":{},"_coverageSchema":"1a1c01bbd47fc00a2c39e90264f33305004495a9","hash":"6ff55df429dbb223cd53a7cd7e23b66fb510900d"}
}
