TN:
SF:src\main.tsx
FNF:0
FNH:0
DA:11,0
DA:12,0
DA:14,0
DA:26,0
LF:4
LH:0
BRF:0
BRH:0
end_of_record
TN:
SF:src\app\app.tsx
FN:6,(anonymous_0)
FNF:1
FNH:0
FNDA:0,(anonymous_0)
DA:6,0
DA:7,0
DA:9,0
LF:3
LH:0
BRDA:7,0,0,0
BRDA:7,0,1,0
BRF:2
BRH:0
end_of_record
TN:
SF:src\app\routes\all-routes.tsx
FN:7,(anonymous_0)
FN:8,(anonymous_1)
FN:10,(anonymous_2)
FN:16,(anonymous_3)
FNF:4
FNH:0
FNDA:0,(anonymous_0)
FNDA:0,(anonymous_1)
FNDA:0,(anonymous_2)
FNDA:0,(anonymous_3)
DA:7,0
DA:8,0
DA:10,0
DA:11,0
DA:17,0
LF:5
LH:0
BRF:0
BRH:0
end_of_record
TN:
SF:src\components\buttons\components\button-with-icon\button-with-icon.stories.tsx
FN:25,(anonymous_0)
FNF:1
FNH:0
FNDA:0,(anonymous_0)
DA:5,0
DA:14,0
DA:21,0
DA:25,0
DA:29,0
LF:5
LH:0
BRF:0
BRH:0
end_of_record
TN:
SF:src\components\buttons\components\button-with-icon\button-with-icon.tsx
FN:8,buttonWithIcon
FN:15,(anonymous_1)
FNF:2
FNH:2
FNDA:3,buttonWithIcon
FNDA:1,(anonymous_1)
DA:8,3
DA:15,3
DA:16,1
DA:17,1
DA:18,1
DA:22,3
DA:53,3
LF:7
LH:7
BRDA:17,0,0,1
BRDA:17,0,1,0
BRDA:32,1,0,1
BRDA:32,1,1,2
BRF:4
BRH:3
end_of_record
TN:
SF:src\components\buttons\components\primary-button\primary-button.stories.tsx
FN:22,(anonymous_0)
FNF:1
FNH:0
FNDA:0,(anonymous_0)
DA:4,0
DA:13,0
DA:19,0
DA:22,0
DA:26,0
LF:5
LH:0
BRF:0
BRH:0
end_of_record
TN:
SF:src\components\buttons\components\primary-button\primary-button.tsx
FN:7,primaryButton
FN:13,(anonymous_1)
FNF:2
FNH:2
FNDA:3,primaryButton
FNDA:1,(anonymous_1)
DA:7,3
DA:13,3
DA:14,1
DA:15,1
DA:16,1
DA:20,3
DA:46,3
LF:7
LH:7
BRDA:15,0,0,1
BRDA:15,0,1,0
BRDA:30,1,0,1
BRDA:30,1,1,2
BRF:4
BRH:3
end_of_record
TN:
SF:src\components\buttons\components\secondary-button\secondary-button.stories.tsx
FN:22,(anonymous_0)
FNF:1
FNH:0
FNDA:0,(anonymous_0)
DA:4,0
DA:13,0
DA:19,0
DA:22,0
DA:26,0
LF:5
LH:0
BRF:0
BRH:0
end_of_record
TN:
SF:src\components\buttons\components\secondary-button\secondary-button.tsx
FN:7,secondaryButton
FN:13,(anonymous_1)
FNF:2
FNH:2
FNDA:3,secondaryButton
FNDA:1,(anonymous_1)
DA:7,3
DA:13,3
DA:14,1
DA:15,1
DA:16,1
DA:20,3
DA:46,3
LF:7
LH:7
BRDA:10,0,0,2
BRDA:15,1,0,1
BRDA:15,1,1,0
BRDA:30,2,0,1
BRDA:30,2,1,2
BRF:5
BRH:4
end_of_record
TN:
SF:src\components\buttons\types\buttonWithIconProps.tsx
FNF:0
FNH:0
LF:0
LH:0
BRF:0
BRH:0
end_of_record
TN:
SF:src\components\buttons\types\primaryButtonProps.tsx
FNF:0
FNH:0
LF:0
LH:0
BRF:0
BRH:0
end_of_record
TN:
SF:src\components\buttons\types\secondaryButtonProps.tsx
FNF:0
FNH:0
LF:0
LH:0
BRF:0
BRH:0
end_of_record
TN:
SF:src\components\company-info\components\company-info.tsx
FN:14,(anonymous_0)
FNF:1
FNH:1
FNDA:2,(anonymous_0)
DA:14,1
DA:17,2
DA:19,2
LF:3
LH:3
BRDA:15,0,0,2
BRDA:32,1,0,2
BRDA:32,1,1,2
BRF:3
BRH:3
end_of_record
TN:
SF:src\components\error-boundary\components\error-boundary.tsx
FN:23,(anonymous_0)
FN:28,(anonymous_1)
FN:36,(anonymous_2)
FN:43,(anonymous_3)
FNF:4
FNH:0
FNDA:0,(anonymous_0)
FNDA:0,(anonymous_1)
FNDA:0,(anonymous_2)
FNDA:0,(anonymous_3)
DA:24,0
DA:25,0
DA:29,0
DA:37,0
DA:38,0
DA:43,0
DA:61,0
LF:7
LH:0
BRDA:37,0,0,0
BRDA:37,0,1,0
BRDA:53,1,0,0
BRDA:53,1,1,0
BRDA:55,2,0,0
BRDA:55,2,1,0
BRF:6
BRH:0
end_of_record
TN:
SF:src\components\footer\components\footer\footer.tsx
FN:5,(anonymous_0)
FN:9,(anonymous_1)
FNF:2
FNH:2
FNDA:1,(anonymous_0)
FNDA:4,(anonymous_1)
DA:5,1
DA:9,1
DA:10,4
DA:12,4
LF:4
LH:4
BRF:0
BRH:0
end_of_record
TN:
SF:src\components\footer\components\footer-socials\footer-socials.tsx
FN:5,(anonymous_0)
FN:9,(anonymous_1)
FN:15,(anonymous_2)
FNF:3
FNH:3
FNDA:1,(anonymous_0)
FNDA:3,(anonymous_1)
FNDA:21,(anonymous_2)
DA:5,1
DA:9,1
DA:10,3
DA:12,3
DA:15,21
LF:5
LH:5
BRF:0
BRH:0
end_of_record
TN:
SF:src\components\header\components\header.tsx
FN:3,(anonymous_0)
FN:4,(anonymous_1)
FN:5,(anonymous_2)
FN:9,(anonymous_3)
FNF:4
FNH:4
FNDA:1,(anonymous_0)
FNDA:1,(anonymous_1)
FNDA:1,(anonymous_2)
FNDA:5,(anonymous_3)
DA:3,1
DA:4,1
DA:5,1
DA:9,1
DA:10,5
LF:5
LH:5
BRF:0
BRH:0
end_of_record
TN:
SF:src\components\icon-link\components\icon-link.stories.tsx
FNF:0
FNH:0
DA:5,0
DA:14,0
DA:22,0
DA:29,0
LF:4
LH:0
BRF:0
BRH:0
end_of_record
TN:
SF:src\components\icon-link\components\icon-link.tsx
FN:7,buttonWithIcon
FNF:1
FNH:1
FNDA:18,buttonWithIcon
DA:7,2
DA:12,18
DA:35,2
LF:3
LH:3
BRDA:17,0,0,18
BRDA:17,0,1,17
BRDA:17,0,2,0
BRDA:26,1,0,18
BRDA:26,1,1,1
BRF:5
BRH:4
end_of_record
TN:
SF:src\components\loading\components\loading.tsx
FN:10,(anonymous_0)
FNF:1
FNH:1
FNDA:6,(anonymous_0)
DA:10,4
DA:11,6
DA:13,6
LF:3
LH:3
BRDA:10,0,0,4
BRF:1
BRH:1
end_of_record
TN:
SF:src\components\theme-toggle\component\theme-toggle.tsx
FN:6,(anonymous_0)
FNF:1
FNH:1
FNDA:4,(anonymous_0)
DA:6,1
DA:7,4
DA:9,4
DA:10,0
DA:13,4
DA:15,4
LF:6
LH:5
BRDA:9,0,0,0
BRDA:9,0,1,4
BRF:2
BRH:1
end_of_record
TN:
SF:src\components\toggle\components\toggle\toggle.stories.tsx
FN:15,(anonymous_0)
FN:22,(anonymous_1)
FNF:2
FNH:0
FNDA:0,(anonymous_0)
FNDA:0,(anonymous_1)
DA:4,0
DA:13,0
DA:15,0
DA:19,0
DA:22,0
LF:5
LH:0
BRF:0
BRH:0
end_of_record
TN:
SF:src\components\toggle\components\toggle\toggle.tsx
FN:7,(anonymous_0)
FN:13,(anonymous_1)
FNF:2
FNH:2
FNDA:3,(anonymous_0)
FNDA:1,(anonymous_1)
DA:7,2
DA:11,3
DA:13,3
DA:14,1
DA:15,1
DA:18,3
DA:35,2
LF:7
LH:7
BRDA:8,0,0,3
BRDA:15,1,0,1
BRDA:15,1,1,1
BRF:3
BRH:3
end_of_record
TN:
SF:src\components\toggle\components\toggle-with-icons\toggle-with-icons.tsx
FN:10,(anonymous_0)
FN:18,(anonymous_1)
FNF:2
FNH:2
FNDA:4,(anonymous_0)
FNDA:2,(anonymous_1)
DA:10,2
DA:16,4
DA:18,4
DA:19,2
DA:20,2
DA:23,4
DA:24,4
DA:26,4
DA:57,2
LF:9
LH:9
BRDA:13,0,0,0
BRDA:20,1,0,2
BRDA:20,1,1,2
BRDA:33,2,0,4
BRDA:33,2,1,4
BRDA:46,3,0,4
BRDA:46,3,1,4
BRF:7
BRH:6
end_of_record
TN:
SF:src\components\toggle\components\toggle-with-label\toggle-with-label.tsx
FN:7,(anonymous_0)
FN:14,(anonymous_1)
FNF:2
FNH:0
FNDA:0,(anonymous_0)
FNDA:0,(anonymous_1)
DA:7,2
DA:12,0
DA:14,0
DA:15,0
DA:16,0
DA:19,0
DA:41,2
LF:7
LH:2
BRDA:9,0,0,0
BRDA:16,1,0,0
BRDA:16,1,1,0
BRF:3
BRH:0
end_of_record
TN:
SF:src\components\topbar\components\nav-link\nav-link.tsx
FN:9,(anonymous_0)
FNF:1
FNH:0
FNDA:0,(anonymous_0)
DA:9,0
DA:10,0
LF:2
LH:0
BRF:0
BRH:0
end_of_record
TN:
SF:src\components\topbar\components\topbar\topbar.tsx
FN:10,(anonymous_0)
FN:12,(anonymous_1)
FN:17,(anonymous_2)
FNF:3
FNH:0
FNDA:0,(anonymous_0)
FNDA:0,(anonymous_1)
FNDA:0,(anonymous_2)
DA:10,0
DA:11,0
DA:12,0
DA:14,0
DA:18,0
LF:5
LH:0
BRF:0
BRH:0
end_of_record
TN:
SF:src\contexts\theme-context.tsx
FN:14,(anonymous_0)
FN:15,(anonymous_1)
FN:20,(anonymous_2)
FN:38,(anonymous_3)
FN:39,(anonymous_4)
FNF:5
FNH:5
FNDA:33,(anonymous_0)
FNDA:31,(anonymous_1)
FNDA:30,(anonymous_2)
FNDA:2,(anonymous_3)
FNDA:2,(anonymous_4)
DA:10,10
DA:14,10
DA:15,33
DA:16,31
DA:17,31
DA:20,33
DA:21,30
DA:24,30
DA:26,30
DA:27,0
DA:28,30
DA:29,0
DA:32,30
DA:38,33
DA:39,2
DA:42,33
LF:16
LH:14
BRDA:17,0,0,31
BRDA:17,0,1,13
BRDA:24,1,0,30
BRDA:24,1,1,0
BRDA:26,2,0,0
BRDA:26,2,1,30
BRDA:26,3,0,30
BRDA:26,3,1,0
BRDA:28,4,0,0
BRDA:28,4,1,30
BRDA:28,5,0,30
BRDA:28,5,1,30
BRDA:34,6,0,30
BRDA:34,6,1,29
BRDA:34,6,2,0
BRDA:39,7,0,1
BRDA:39,7,1,1
BRF:17
BRH:12
end_of_record
TN:
SF:src\hooks\use-theme.tsx
FN:4,(anonymous_0)
FNF:1
FNH:1
FNDA:4,(anonymous_0)
DA:4,1
DA:5,4
DA:7,4
DA:8,0
DA:10,4
LF:5
LH:4
BRDA:7,0,0,0
BRDA:7,0,1,4
BRF:2
BRH:1
end_of_record
TN:
SF:src\pages\about-page\components\about-page.tsx
FN:3,(anonymous_0)
FN:7,(anonymous_1)
FNF:2
FNH:0
FNDA:0,(anonymous_0)
FNDA:0,(anonymous_1)
DA:3,0
DA:7,0
DA:8,0
LF:3
LH:0
BRF:0
BRH:0
end_of_record
TN:
SF:src\pages\base-page\components\base-page.tsx
FN:4,(anonymous_0)
FN:5,(anonymous_1)
FN:9,(anonymous_2)
FNF:3
FNH:0
FNDA:0,(anonymous_0)
FNDA:0,(anonymous_1)
FNDA:0,(anonymous_2)
DA:4,0
DA:5,0
DA:9,0
DA:10,0
LF:4
LH:0
BRF:0
BRH:0
end_of_record
TN:
SF:src\pages\coding-page\components\coding-page.tsx
FN:3,(anonymous_0)
FN:7,(anonymous_1)
FNF:2
FNH:0
FNDA:0,(anonymous_0)
FNDA:0,(anonymous_1)
DA:3,0
DA:7,0
DA:8,0
LF:3
LH:0
BRF:0
BRH:0
end_of_record
TN:
SF:src\pages\contact-page\components\contact-page.tsx
FN:3,(anonymous_0)
FN:7,(anonymous_1)
FNF:2
FNH:0
FNDA:0,(anonymous_0)
FNDA:0,(anonymous_1)
DA:3,0
DA:7,0
DA:8,0
LF:3
LH:0
BRF:0
BRH:0
end_of_record
TN:
SF:src\pages\gaming-page\components\gaming-page.tsx
FN:3,(anonymous_0)
FN:7,(anonymous_1)
FNF:2
FNH:0
FNDA:0,(anonymous_0)
FNDA:0,(anonymous_1)
DA:3,0
DA:7,0
DA:8,0
LF:3
LH:0
BRF:0
BRH:0
end_of_record
TN:
SF:src\pages\home-page\components\home-page.tsx
FN:3,(anonymous_0)
FN:7,(anonymous_1)
FNF:2
FNH:0
FNDA:0,(anonymous_0)
FNDA:0,(anonymous_1)
DA:3,0
DA:7,0
DA:8,0
LF:3
LH:0
BRF:0
BRH:0
end_of_record
TN:
SF:src\pages\photography-page\components\photography-page.tsx
FN:3,(anonymous_0)
FN:7,(anonymous_1)
FNF:2
FNH:0
FNDA:0,(anonymous_0)
FNDA:0,(anonymous_1)
DA:3,0
DA:7,0
DA:8,0
LF:3
LH:0
BRF:0
BRH:0
end_of_record
TN:
SF:src\utils\component-array.tsx
FN:3,(anonymous_0)
FN:11,(anonymous_1)
FNF:2
FNH:2
FNDA:3,(anonymous_0)
FNDA:21,(anonymous_1)
DA:3,1
DA:10,3
DA:11,21
LF:3
LH:3
BRF:0
BRH:0
end_of_record
TN:
SF:src\utils\test-utilities.tsx
FN:16,allProviders
FN:24,customRender
FNF:2
FNH:2
FNDA:31,allProviders
FNDA:28,customRender
DA:17,31
DA:25,28
LF:2
LH:2
BRF:0
BRH:0
end_of_record
